<?xml version="1.0" encoding="UTF-8"?>
<testng-results skipped="0" failed="0" ignored="0" total="1" passed="1">
  <reporter-output>
  </reporter-output>
  <suite name="Default suite" duration-ms="51" started-at="2019-01-08T03:02:04Z" finished-at="2019-01-08T03:02:04Z">
    <groups>
    </groups>
    <test name="Default test" duration-ms="51" started-at="2019-01-08T03:02:04Z" finished-at="2019-01-08T03:02:04Z">
      <class name="testreportportal.rp_testng.ReportPortal1Test">
        <test-method status="PASS" signature="f1()[pri:0, instance:testreportportal.rp_testng.ReportPortal1Test@47c62251]" name="f1" duration-ms="16" started-at="2019-01-08T03:02:04Z" finished-at="2019-01-08T03:02:04Z">
          <reporter-output>
          </reporter-output>
        </test-method> <!-- f1 -->
      </class> <!-- testreportportal.rp_testng.ReportPortal1Test -->
    </test> <!-- Default test -->
  </suite> <!-- Default suite -->
</testng-results>
